13.1.2023, 11:41:40 - DEBUG - auth.service - signup with username: admin, fullname: admin 
13.1.2023, 11:41:40 - DEBUG - auth.route - new account created: {"username":"admin","password":"$2b$10$Eaud5Gk/vrXp.bDSlLwfvuJj/Os3p6Fmo/UOX.NHgWYsVUcG4kCGu","fullname":"admin","_id":"63c12754191b7db3888275a6"} 
13.1.2023, 11:41:40 - DEBUG - auth.service - login with username: admin 
13.1.2023, 11:41:40 - INFO - User login:  | {"_id":"63c12754191b7db3888275a6","username":"admin","fullname":"admin"} 
13.1.2023, 11:43:32 - DEBUG - auth.service - login with username: admin 
13.1.2023, 11:43:32 - INFO - User login:  | {"_id":"63c12754191b7db3888275a6","username":"admin","fullname":"admin"} 
13.1.2023, 11:59:34 - INFO - Server is running on port: 3030 
13.1.2023, 12:00:25 - INFO - Server is running on port: 3030 
13.1.2023, 12:00:44 - INFO - Server is running on port: 3030 
13.1.2023, 12:01:26 - INFO - Server is running on port: 3030 
13.1.2023, 12:01:27 - INFO - Server is running on port: 3030 
13.1.2023, 12:01:42 - INFO - Req was made 
13.1.2023, 12:01:43 - INFO - Req was made 
13.1.2023, 12:01:47 - INFO - Req was made 
13.1.2023, 12:01:47 - INFO - Req was made 
13.1.2023, 12:02:02 - INFO - Req was made 
13.1.2023, 12:02:03 - INFO - Req was made 
13.1.2023, 12:02:16 - INFO - Req was made 
13.1.2023, 12:02:16 - INFO - Req was made 
13.1.2023, 12:02:32 - INFO - Req was made 
13.1.2023, 12:02:33 - INFO - Req was made 
13.1.2023, 12:03:26 - INFO - Req was made 
13.1.2023, 12:03:26 - INFO - Req was made 
13.1.2023, 12:03:35 - INFO - Req was made 
13.1.2023, 12:03:35 - INFO - Req was made 
13.1.2023, 12:03:43 - INFO - Server is running on port: 3030 
13.1.2023, 12:06:47 - INFO - Server is running on port: 3030 
13.1.2023, 12:08:36 - INFO - Server is running on port: 3030 
13.1.2023, 12:09:36 - INFO - Req was made 
13.1.2023, 12:09:36 - INFO - Req was made 
13.1.2023, 12:09:58 - INFO - Req was made 
13.1.2023, 12:09:59 - INFO - Req was made 
13.1.2023, 12:10:27 - INFO - Req was made 
13.1.2023, 12:10:27 - INFO - Req was made 
13.1.2023, 12:11:31 - DEBUG - auth.service - login with username: dani 
13.1.2023, 12:11:31 - ERROR - Failed to Login Invalid username or password 
13.1.2023, 12:11:35 - INFO - Req was made 
13.1.2023, 12:11:36 - INFO - Req was made 
13.1.2023, 12:12:12 - INFO - Req was made 
13.1.2023, 12:12:13 - INFO - Req was made 
13.1.2023, 12:22:46 - INFO - Req was made 
13.1.2023, 12:22:46 - INFO - Req was made 
13.1.2023, 12:22:48 - INFO - Req was made 
13.1.2023, 12:23:02 - INFO - Req was made 
13.1.2023, 12:23:03 - INFO - Req was made 
14.1.2023, 14:52:27 - INFO - Req was made 
14.1.2023, 14:52:28 - INFO - Req was made 
14.1.2023, 14:54:39 - INFO - Req was made 
14.1.2023, 14:54:39 - INFO - Req was made 
14.1.2023, 15:00:03 - INFO - Req was made 
14.1.2023, 15:00:04 - INFO - Req was made 
14.1.2023, 15:00:08 - INFO - Req was made 
14.1.2023, 15:00:09 - INFO - Req was made 
14.1.2023, 15:00:15 - INFO - Req was made 
14.1.2023, 15:00:28 - INFO - Req was made 
14.1.2023, 15:00:28 - INFO - Req was made 
14.1.2023, 15:38:47 - INFO - Req was made 
14.1.2023, 15:38:47 - INFO - Req was made 
14.1.2023, 16:07:24 - DEBUG - auth.service - login with username: admin 
14.1.2023, 16:07:24 - ERROR - Failed to Login Invalid username or password 
14.1.2023, 16:07:43 - DEBUG - auth.service - login with username: admin 
14.1.2023, 16:07:43 - ERROR - Failed to Login Invalid username or password 
14.1.2023, 16:09:17 - DEBUG - auth.service - login with username: admin 
14.1.2023, 16:09:17 - ERROR - Failed to Login Invalid username or password 
14.1.2023, 16:10:09 - DEBUG - auth.service - login with username: admin 
14.1.2023, 16:10:09 - ERROR - Failed to Login Invalid username or password 
14.1.2023, 16:13:22 - INFO - Req was made 
14.1.2023, 16:13:25 - INFO - Req was made 
14.1.2023, 16:13:26 - INFO - Req was made 
14.1.2023, 16:14:09 - DEBUG - auth.service - login with username: admin 
14.1.2023, 16:14:09 - ERROR - Failed to Login Invalid username or password 
14.1.2023, 16:14:16 - DEBUG - auth.service - login with username: admin 
14.1.2023, 16:14:16 - ERROR - Failed to Login Invalid username or password 
14.1.2023, 16:14:39 - DEBUG - auth.service - login with username: muki 
14.1.2023, 16:14:39 - ERROR - Failed to Login Invalid username or password 
14.1.2023, 16:14:43 - INFO - Req was made 
14.1.2023, 16:14:43 - INFO - Req was made 
14.1.2023, 16:16:17 - INFO - Req was made 
14.1.2023, 16:16:18 - INFO - Req was made 
14.1.2023, 16:16:44 - DEBUG - auth.service - login with username: muki 
14.1.2023, 16:16:44 - ERROR - Failed to Login Invalid username or password 
14.1.2023, 16:16:49 - INFO - Req was made 
14.1.2023, 16:16:49 - INFO - Req was made 
14.1.2023, 16:17:07 - INFO - Server is running on port: 3030 
14.1.2023, 16:17:11 - INFO - Server is running on port: 3030 
14.1.2023, 16:17:12 - INFO - Server is running on port: 3030 
14.1.2023, 16:17:21 - INFO - Req was made 
14.1.2023, 16:17:22 - INFO - Req was made 
14.1.2023, 16:17:28 - DEBUG - auth.service - login with username: muki 
14.1.2023, 16:17:28 - ERROR - Failed to Login Invalid username or password 
14.1.2023, 16:18:30 - DEBUG - auth.service - login with username: admin 
14.1.2023, 16:18:30 - ERROR - Failed to Login Invalid username or password 
14.1.2023, 16:18:30 - DEBUG - auth.service - login with username: admin 
14.1.2023, 16:18:30 - ERROR - Failed to Login Invalid username or password 
14.1.2023, 16:18:31 - DEBUG - auth.service - login with username: admin 
14.1.2023, 16:18:31 - ERROR - Failed to Login Invalid username or password 
14.1.2023, 16:18:31 - DEBUG - auth.service - login with username: admin 
14.1.2023, 16:18:31 - ERROR - Failed to Login Invalid username or password 
14.1.2023, 16:18:31 - DEBUG - auth.service - login with username: admin 
14.1.2023, 16:18:31 - ERROR - Failed to Login Invalid username or password 
14.1.2023, 16:18:31 - DEBUG - auth.service - login with username: admin 
14.1.2023, 16:18:31 - ERROR - Failed to Login Invalid username or password 
14.1.2023, 16:18:32 - DEBUG - auth.service - login with username: admin 
14.1.2023, 16:18:32 - ERROR - Failed to Login Invalid username or password 
14.1.2023, 16:18:33 - DEBUG - auth.service - login with username: admin 
14.1.2023, 16:18:33 - ERROR - Failed to Login Invalid username or password 
14.1.2023, 16:18:33 - DEBUG - auth.service - login with username: admin 
14.1.2023, 16:18:33 - ERROR - Failed to Login Invalid username or password 
14.1.2023, 16:18:34 - DEBUG - auth.service - login with username: admin 
14.1.2023, 16:18:34 - ERROR - Failed to Login Invalid username or password 
14.1.2023, 16:18:35 - DEBUG - auth.service - login with username: admin 
14.1.2023, 16:18:35 - ERROR - Failed to Login Invalid username or password 
14.1.2023, 16:18:36 - DEBUG - auth.service - login with username: admin 
14.1.2023, 16:18:36 - ERROR - Failed to Login Invalid username or password 
14.1.2023, 16:19:13 - DEBUG - auth.service - login with username: muki 
14.1.2023, 16:19:13 - ERROR - Failed to Login Invalid username or password 
14.1.2023, 16:23:21 - DEBUG - auth.service - login with username: muki 
14.1.2023, 16:23:21 - ERROR - Failed to Login Invalid username or password 
14.1.2023, 16:23:35 - DEBUG - auth.service - login with username: admin 
14.1.2023, 16:23:35 - ERROR - Failed to Login Invalid username or password 
14.1.2023, 16:23:42 - DEBUG - auth.service - login with username: admin 
14.1.2023, 16:23:42 - ERROR - Failed to Login Invalid username or password 
14.1.2023, 16:24:32 - DEBUG - auth.service - login with username: admin 
14.1.2023, 16:24:32 - ERROR - Failed to Login Invalid username or password 
14.1.2023, 16:24:56 - DEBUG - auth.service - signup with username: admin, fullname: dfs 
14.1.2023, 16:24:56 - DEBUG - auth.service - login with username: admin 
14.1.2023, 16:24:56 - DEBUG - auth.route - new account created: {"username":"admin","password":"$2b$10$enUCndTbJJjN6mB4nCTwqe9jr7HfzuSBKRBI.dTAUWF1P1tKDOyvS","fullname":"dfs","isAdmin":false,"_id":"63c2bb384cc653c7a96e7ca4"} 
14.1.2023, 16:24:56 - INFO - User login:  | {"_id":"63c2bb384cc653c7a96e7ca4","username":"admin","fullname":"dfs","isAdmin":false} 
14.1.2023, 16:25:37 - DEBUG - auth.service - login with username: admin 
14.1.2023, 16:25:38 - INFO - User login:  | {"_id":"63c2bb384cc653c7a96e7ca4","username":"admin","fullname":"dfs","isAdmin":false} 
14.1.2023, 16:25:55 - INFO - Req was made 
14.1.2023, 16:25:55 - INFO - Req was made 
14.1.2023, 16:47:55 - INFO - Req was made 
14.1.2023, 16:47:56 - INFO - Req was made 
15.1.2023, 15:10:51 - INFO - Server is running on port: 3030 
15.1.2023, 15:15:53 - INFO - Req was made 
15.1.2023, 15:15:54 - INFO - Req was made 
15.1.2023, 15:17:30 - INFO - Server is running on port: 3030 
15.1.2023, 15:17:32 - INFO - Server is running on port: 3030 
15.1.2023, 15:18:12 - DEBUG - auth.service - login with username: dani 
15.1.2023, 15:18:12 - ERROR - Failed to Login Invalid username or password 
15.1.2023, 15:18:17 - DEBUG - auth.service - login with username: admin 
15.1.2023, 15:18:17 - INFO - User login:  | {"_id":"63c2bb384cc653c7a96e7ca4","username":"admin","fullname":"dfs","isAdmin":false} 
15.1.2023, 15:18:25 - INFO - Req was made 
15.1.2023, 15:18:26 - INFO - Req was made 
15.1.2023, 15:18:37 - INFO - Req was made 
15.1.2023, 15:18:38 - INFO - Req was made 
15.1.2023, 15:18:52 - INFO - Req was made 
15.1.2023, 15:18:53 - INFO - Req was made 
15.1.2023, 15:19:03 - DEBUG - auth.service - login with username: admin 
15.1.2023, 15:19:03 - INFO - User login:  | {"_id":"63c2bb384cc653c7a96e7ca4","username":"admin","fullname":"dfs","isAdmin":false} 
15.1.2023, 15:20:28 - DEBUG - auth.service - login with username: muki 
15.1.2023, 15:20:28 - ERROR - Failed to Login Invalid username or password 
15.1.2023, 15:20:32 - INFO - Req was made 
15.1.2023, 15:20:33 - INFO - Req was made 
15.1.2023, 15:21:14 - DEBUG - auth.service - login with username: admin 
15.1.2023, 15:21:14 - INFO - User login:  | {"_id":"63c2bb384cc653c7a96e7ca4","username":"admin","fullname":"dfs","isAdmin":false} 
15.1.2023, 15:21:46 - DEBUG - auth.service - signup with username: muki, fullname: muki bu 
15.1.2023, 15:21:46 - DEBUG - auth.route - new account created: {"username":"muki","password":"$2b$10$WvA6G7EW4rrgPMjUv53Ff.SR3GrgPZ6CaHz0viX43ySoKwwlKfb6O","fullname":"muki bu","isAdmin":false,"_id":"63c3fdea5fc5182dc0e1482b"} 
15.1.2023, 15:21:46 - DEBUG - auth.service - login with username: muki 
15.1.2023, 15:21:46 - ERROR - Failed to signup Invalid username or password 
15.1.2023, 15:25:59 - DEBUG - auth.service - login with username: muki 
15.1.2023, 15:25:59 - ERROR - Failed to Login Invalid username or password 
15.1.2023, 15:31:21 - DEBUG - auth.service - login with username: admin 
15.1.2023, 15:31:21 - INFO - User login:  | {"_id":"63c2bb384cc653c7a96e7ca4","username":"admin","fullname":"dfs","isAdmin":false} 
15.1.2023, 15:34:55 - DEBUG - auth.service - login with username: muki 
15.1.2023, 15:34:55 - ERROR - Failed to Login Invalid username or password 
15.1.2023, 15:38:24 - DEBUG - auth.service - login with username: muki 
15.1.2023, 15:38:24 - ERROR - Failed to Login Invalid username or password 
15.1.2023, 15:39:06 - DEBUG - auth.service - login with username: muki 
15.1.2023, 15:39:06 - ERROR - Failed to Login Invalid username or password 
15.1.2023, 15:39:19 - INFO - Req was made 
15.1.2023, 15:39:20 - INFO - Req was made 
15.1.2023, 15:39:25 - DEBUG - auth.service - login with username: muki 
15.1.2023, 15:39:25 - ERROR - Failed to Login Invalid username or password 
15.1.2023, 15:40:04 - INFO - Req was made 
15.1.2023, 15:40:05 - INFO - Req was made 
15.1.2023, 15:40:08 - DEBUG - auth.service - login with username: muki 
15.1.2023, 15:40:08 - ERROR - Failed to Login Invalid username or password 
15.1.2023, 15:41:29 - DEBUG - auth.service - login with username: muki 
15.1.2023, 15:41:29 - ERROR - Failed to Login Invalid username or password 
15.1.2023, 15:47:58 - DEBUG - auth.service - login with username: muki 
15.1.2023, 15:47:58 - ERROR - Failed to Login Invalid username or password 
15.1.2023, 15:48:32 - DEBUG - auth.service - login with username: muki 
15.1.2023, 15:48:32 - ERROR - Failed to Login Invalid username or password 
15.1.2023, 15:49:19 - DEBUG - auth.service - login with username: admin 
15.1.2023, 15:49:19 - ERROR - Failed to Login Invalid username or password 
15.1.2023, 15:49:22 - INFO - Req was made 
15.1.2023, 15:49:23 - INFO - Req was made 
15.1.2023, 15:49:26 - DEBUG - auth.service - login with username: admin 
15.1.2023, 15:49:26 - ERROR - Failed to Login Invalid username or password 
15.1.2023, 15:49:57 - DEBUG - auth.service - login with username: admin 
15.1.2023, 15:49:57 - ERROR - Failed to Login Invalid username or password 
15.1.2023, 15:51:11 - DEBUG - auth.service - login with username: admin 
15.1.2023, 15:51:11 - ERROR - Failed to Login Invalid username or password 
15.1.2023, 15:52:06 - DEBUG - auth.service - signup with username: admin, fullname: admin 
15.1.2023, 15:52:06 - DEBUG - auth.route - new account created: {"username":"admin","password":"$2b$10$ZO6Ylntx7qLYqCFWc9sh8OGjh59TbvDQmjYm0OqhHYkyMUSNRcMZm","fullname":"admin","isAdmin":false,"_id":"63c405065fc5182dc0e1482c"} 
15.1.2023, 15:52:06 - DEBUG - auth.service - login with username: admin 
15.1.2023, 15:52:06 - INFO - User login:  | {"_id":"63c405065fc5182dc0e1482c","username":"admin","fullname":"admin","isAdmin":false} 
15.1.2023, 15:52:37 - DEBUG - auth.service - login with username: muki 
15.1.2023, 15:52:37 - ERROR - Failed to Login Invalid username or password 
15.1.2023, 15:52:42 - DEBUG - auth.service - login with username: admin 
15.1.2023, 15:52:43 - INFO - User login:  | {"_id":"63c405065fc5182dc0e1482c","username":"admin","fullname":"admin","isAdmin":false} 
15.1.2023, 15:57:57 - INFO - Req was made 
15.1.2023, 15:57:58 - INFO - Req was made 
15.1.2023, 15:58:21 - DEBUG - auth.service - login with username: muki 
15.1.2023, 15:58:21 - ERROR - Failed to Login Invalid username or password 
15.1.2023, 15:58:36 - INFO - Req was made 
15.1.2023, 15:58:37 - INFO - Req was made 
15.1.2023, 15:58:40 - INFO - Req was made 
15.1.2023, 15:58:41 - INFO - Req was made 
15.1.2023, 15:58:50 - INFO - Req was made 
15.1.2023, 15:58:51 - INFO - Req was made 
15.1.2023, 16:09:05 - INFO - Req was made 
15.1.2023, 16:09:06 - INFO - Req was made 
15.1.2023, 16:12:19 - DEBUG - auth.service - login with username: admin 
15.1.2023, 16:12:19 - INFO - User login:  | {"_id":"63c405065fc5182dc0e1482c","username":"admin","fullname":"admin","isAdmin":false} 
15.1.2023, 16:12:35 - DEBUG - auth.service - login with username: admin 
15.1.2023, 16:12:35 - INFO - User login:  | {"_id":"63c405065fc5182dc0e1482c","username":"admin","fullname":"admin","isAdmin":false} 
15.1.2023, 16:16:21 - DEBUG - auth.service - login with username: muki 
15.1.2023, 16:16:21 - ERROR - Failed to Login Invalid username or password 
15.1.2023, 16:22:04 - DEBUG - auth.service - login with username: muki 
15.1.2023, 16:22:04 - ERROR - Failed to Login Invalid username or password 
15.1.2023, 16:23:26 - DEBUG - auth.service - login with username: muki 
15.1.2023, 16:23:26 - ERROR - Failed to Login Invalid username or password 
15.1.2023, 16:23:29 - DEBUG - auth.service - login with username: admin 
15.1.2023, 16:23:29 - INFO - User login:  | {"_id":"63c405065fc5182dc0e1482c","username":"admin","fullname":"admin","isAdmin":false} 
15.1.2023, 16:24:44 - DEBUG - auth.service - login with username: muki 
15.1.2023, 16:24:44 - ERROR - Failed to Login Invalid username or password 
15.1.2023, 16:24:46 - DEBUG - auth.service - login with username: admin 
15.1.2023, 16:24:46 - INFO - User login:  | {"_id":"63c405065fc5182dc0e1482c","username":"admin","fullname":"admin","isAdmin":false} 
15.1.2023, 16:27:41 - INFO - Server is running on port: 3030 
15.1.2023, 16:35:12 - INFO - Server is running on port: 3030 
15.1.2023, 16:35:45 - INFO - Server is running on port: 3030 
15.1.2023, 16:35:47 - INFO - Server is running on port: 3030 
15.1.2023, 16:35:47 - INFO - Server is running on port: 3030 
15.1.2023, 16:36:08 - INFO - Server is running on port: 3030 
15.1.2023, 16:36:09 - INFO - Server is running on port: 3030 
15.1.2023, 16:36:10 - INFO - Server is running on port: 3030 
15.1.2023, 16:36:51 - DEBUG - auth.service - login with username: admin 
15.1.2023, 16:36:51 - INFO - User login:  | {"_id":"63c405065fc5182dc0e1482c","username":"admin","fullname":"admin","isAdmin":false} 
15.1.2023, 16:37:04 - INFO - Req was made 
15.1.2023, 16:37:05 - INFO - Req was made 
15.1.2023, 16:38:55 - DEBUG - auth.service - login with username: puki 
15.1.2023, 16:38:55 - ERROR - Failed to Login Invalid username or password 
15.1.2023, 16:38:58 - INFO - Req was made 
15.1.2023, 16:38:59 - INFO - Req was made 
15.1.2023, 16:39:18 - DEBUG - auth.service - login with username: admin 
15.1.2023, 16:39:18 - INFO - User login:  | {"_id":"63c405065fc5182dc0e1482c","username":"admin","fullname":"admin","isAdmin":false} 
15.1.2023, 16:41:45 - DEBUG - auth.service - login with username: admin 
15.1.2023, 16:41:45 - INFO - User login:  | {"_id":"63c405065fc5182dc0e1482c","username":"admin","fullname":"admin","isAdmin":false} 
15.1.2023, 16:41:57 - DEBUG - auth.service - login with username: muki 
15.1.2023, 16:41:57 - ERROR - Failed to Login Invalid username or password 
15.1.2023, 16:42:10 - DEBUG - auth.service - login with username: muki 
15.1.2023, 16:42:10 - ERROR - Failed to Login Invalid username or password 
15.1.2023, 16:42:25 - DEBUG - auth.service - login with username: admin 
15.1.2023, 16:42:25 - INFO - User login:  | {"_id":"63c405065fc5182dc0e1482c","username":"admin","fullname":"admin","isAdmin":false} 
15.1.2023, 16:43:48 - DEBUG - auth.service - login with username: muki 
15.1.2023, 16:43:48 - ERROR - Failed to Login Invalid username or password 
15.1.2023, 16:44:01 - DEBUG - auth.service - login with username: admin 
15.1.2023, 16:44:01 - INFO - User login:  | {"_id":"63c405065fc5182dc0e1482c","username":"admin","fullname":"admin","isAdmin":false} 
15.1.2023, 16:45:19 - DEBUG - auth.service - login with username: muki 
15.1.2023, 16:45:19 - ERROR - Failed to Login Invalid username or password 
15.1.2023, 16:47:05 - DEBUG - auth.service - login with username: muki 
15.1.2023, 16:47:05 - ERROR - Failed to Login Invalid username or password 
15.1.2023, 16:47:39 - DEBUG - auth.service - login with username: muki 
15.1.2023, 16:47:39 - ERROR - Failed to Login Invalid username or password 
15.1.2023, 16:50:05 - DEBUG - auth.service - login with username: muki 
15.1.2023, 16:50:05 - ERROR - Failed to Login Invalid username or password 
15.1.2023, 16:51:14 - DEBUG - auth.service - login with username: muki 
15.1.2023, 16:51:14 - ERROR - Failed to Login Invalid username or password 
15.1.2023, 16:52:38 - DEBUG - auth.service - signup with username: muki, fullname: muki po 
15.1.2023, 16:52:38 - DEBUG - auth.service - login with username: muki 
15.1.2023, 16:52:38 - DEBUG - auth.route - new account created: {"username":"muki","password":"$2b$10$tXAFulMFUifdCg5U0I2o1.NlE81IM/W5oAG.K5SVGH29nHbBd4YBu","fullname":"muki po","isAdmin":false,"_id":"63c41336d41da1d592b71ee9"} 
15.1.2023, 16:52:38 - INFO - User login:  | {"_id":"63c41336d41da1d592b71ee9","username":"muki","fullname":"muki po","isAdmin":false} 
15.1.2023, 16:52:49 - DEBUG - auth.service - login with username: muki 
15.1.2023, 16:52:50 - INFO - User login:  | {"_id":"63c41336d41da1d592b71ee9","username":"muki","fullname":"muki po","isAdmin":false} 
15.1.2023, 16:53:12 - DEBUG - auth.service - login with username: admin 
15.1.2023, 16:53:12 - ERROR - Failed to Login Invalid username or password 
15.1.2023, 16:53:17 - DEBUG - auth.service - login with username: admin 
15.1.2023, 16:53:17 - ERROR - Failed to Login Invalid username or password 
15.1.2023, 16:55:08 - DEBUG - auth.service - login with username: muki 
15.1.2023, 16:55:08 - INFO - User login:  | {"_id":"63c41336d41da1d592b71ee9","username":"muki","fullname":"muki po","isAdmin":false} 
15.1.2023, 16:55:14 - DEBUG - auth.service - login with username: admin 
15.1.2023, 16:55:14 - ERROR - Failed to Login Invalid username or password 
15.1.2023, 16:55:46 - DEBUG - auth.service - login with username: admin 
15.1.2023, 16:55:46 - ERROR - Failed to Login Invalid username or password 
15.1.2023, 16:58:43 - DEBUG - auth.service - login with username: admin 
15.1.2023, 16:58:43 - ERROR - Failed to Login Invalid username or password 
15.1.2023, 16:58:47 - DEBUG - auth.service - login with username: admin 
15.1.2023, 16:58:47 - ERROR - Failed to Login Invalid username or password 
15.1.2023, 17:00:05 - DEBUG - auth.service - login with username: admin 
15.1.2023, 17:00:05 - ERROR - Failed to Login Invalid username or password 
15.1.2023, 17:03:19 - DEBUG - auth.service - login with username: admin 
15.1.2023, 17:03:19 - ERROR - Failed to Login Invalid username or password 
15.1.2023, 17:03:30 - DEBUG - auth.service - login with username: muki 
15.1.2023, 17:03:30 - INFO - User login:  | {"_id":"63c41336d41da1d592b71ee9","username":"muki","fullname":"muki po","isAdmin":false} 
15.1.2023, 17:04:16 - DEBUG - auth.service - login with username: admin 
15.1.2023, 17:04:16 - ERROR - Failed to Login Invalid username or password 
15.1.2023, 17:04:23 - DEBUG - auth.service - login with username: admin 
15.1.2023, 17:04:23 - ERROR - Failed to Login Invalid username or password 
15.1.2023, 17:04:24 - DEBUG - auth.service - login with username: admin 
15.1.2023, 17:04:24 - ERROR - Failed to Login Invalid username or password 
15.1.2023, 17:04:24 - DEBUG - auth.service - login with username: admin 
15.1.2023, 17:04:24 - ERROR - Failed to Login Invalid username or password 
15.1.2023, 17:07:56 - DEBUG - auth.service - login with username: admin 
15.1.2023, 17:07:57 - ERROR - Failed to Login Invalid username or password 
15.1.2023, 17:08:30 - DEBUG - auth.service - login with username: admin 
15.1.2023, 17:08:30 - ERROR - Failed to Login Invalid username or password 
15.1.2023, 17:09:03 - DEBUG - auth.service - signup with username: admin, fullname: admin 
15.1.2023, 17:09:03 - DEBUG - auth.route - new account created: {"username":"admin","password":"$2b$10$SbugzQkxV38Xr8pbaBrny.Y1yzPDxWyx/HqIL55bltAn.K.PBpgGC","fullname":"admin","isAdmin":false,"_id":"63c4170fd41da1d592b71eea"} 
15.1.2023, 17:09:03 - DEBUG - auth.service - login with username: admin 
15.1.2023, 17:09:03 - INFO - User login:  | {"_id":"63c4170fd41da1d592b71eea","username":"admin","fullname":"admin","isAdmin":false} 
15.1.2023, 17:09:13 - DEBUG - auth.service - login with username: muki 
15.1.2023, 17:09:13 - INFO - User login:  | {"_id":"63c41336d41da1d592b71ee9","username":"muki","fullname":"muki po","isAdmin":false} 
15.1.2023, 17:10:09 - DEBUG - auth.service - login with username: admin 
15.1.2023, 17:10:09 - INFO - User login:  | {"_id":"63c4170fd41da1d592b71eea","username":"admin","fullname":"admin","isAdmin":false} 
15.1.2023, 17:10:30 - DEBUG - auth.service - login with username: puki 
15.1.2023, 17:10:30 - ERROR - Failed to Login Invalid username or password 
15.1.2023, 17:36:10 - INFO - Req was made 
15.1.2023, 17:36:10 - INFO - Req was made 
15.1.2023, 17:37:42 - INFO - Req was made 
15.1.2023, 17:40:37 - INFO - Req was made 
15.1.2023, 17:42:03 - INFO - Req was made 
15.1.2023, 17:42:37 - INFO - Req was made 
15.1.2023, 17:55:02 - DEBUG - auth.service - login with username: admin 
15.1.2023, 17:55:02 - INFO - User login:  | {"_id":"63c4170fd41da1d592b71eea","username":"admin","fullname":"admin","isAdmin":false} 
15.1.2023, 18:05:40 - INFO - Req was made 
15.1.2023, 18:06:33 - INFO - Req was made 
15.1.2023, 18:06:40 - INFO - Req was made 
15.1.2023, 18:07:58 - INFO - Req was made 
15.1.2023, 18:08:03 - INFO - Req was made 
15.1.2023, 18:08:04 - INFO - Req was made 
15.1.2023, 18:08:17 - INFO - Req was made 
15.1.2023, 18:22:33 - INFO - Req was made 
15.1.2023, 18:27:49 - INFO - Server is running on port: 3030 
15.1.2023, 19:14:45 - INFO - Req was made 
15.1.2023, 19:14:46 - INFO - Req was made 
15.1.2023, 19:14:47 - INFO - Req was made 
15.1.2023, 19:15:39 - INFO - Req was made 
15.1.2023, 19:15:39 - ERROR - Failed to add review | ReferenceError: logger is not defined 
15.1.2023, 19:27:11 - INFO - Server is running on port: 3030 
15.1.2023, 19:29:00 - INFO - Server is running on port: 3030 
15.1.2023, 19:32:18 - INFO - Req was made 
15.1.2023, 19:32:41 - INFO - Req was made 
15.1.2023, 19:33:06 - INFO - Req was made 
15.1.2023, 19:33:36 - INFO - Req was made 
15.1.2023, 19:33:49 - INFO - Req was made 
15.1.2023, 19:33:49 - ERROR - Failed to add review | ReferenceError: logger is not defined 
15.1.2023, 19:34:21 - INFO - Req was made 
15.1.2023, 19:36:54 - INFO - Req was made 
15.1.2023, 19:39:57 - INFO - Req was made 
15.1.2023, 19:40:27 - INFO - Req was made 
15.1.2023, 19:40:31 - INFO - Req was made 
15.1.2023, 19:40:31 - ERROR - Failed to add review | ReferenceError: logger is not defined 
15.1.2023, 19:42:13 - INFO - Server is running on port: 3030 
15.1.2023, 19:42:21 - INFO - Req was made 
15.1.2023, 19:42:22 - ERROR - Failed to add review | ReferenceError: loggedinUser is not defined 
15.1.2023, 19:43:13 - INFO - Server is running on port: 3030 
15.1.2023, 19:43:18 - INFO - Req was made 
15.1.2023, 19:43:18 - ERROR - Failed to add review | ReferenceError: loggedinUser is not defined 
15.1.2023, 20:02:11 - INFO - Server is running on port: 3030 
15.1.2023, 20:02:25 - INFO - Server is running on port: 3030 
15.1.2023, 20:02:56 - INFO - Server is running on port: 3030 
15.1.2023, 20:03:24 - INFO - Server is running on port: 3030 
15.1.2023, 20:04:34 - INFO - Server is running on port: 3030 
15.1.2023, 20:06:18 - INFO - Server is running on port: 3030 
15.1.2023, 20:06:30 - INFO - Server is running on port: 3030 
15.1.2023, 20:07:04 - INFO - Server is running on port: 3030 
15.1.2023, 20:07:07 - INFO - Req was made 
15.1.2023, 20:07:07 - ERROR - Failed to add review | ReferenceError: toyServuce is not defined 
15.1.2023, 20:09:16 - INFO - Req was made 
15.1.2023, 20:09:16 - ERROR - Failed to add review | ReferenceError: toyServuce is not defined 
15.1.2023, 20:09:50 - INFO - Server is running on port: 3030 
15.1.2023, 20:10:40 - INFO - Server is running on port: 3030 
15.1.2023, 20:10:52 - INFO - Server is running on port: 3030 
15.1.2023, 20:10:56 - INFO - Req was made 
15.1.2023, 20:10:56 - ERROR - Failed to add review | ReferenceError: loggedinUser is not defined 
15.1.2023, 20:11:25 - INFO - Server is running on port: 3030 
15.1.2023, 20:11:26 - INFO - Server is running on port: 3030 
15.1.2023, 20:11:36 - INFO - Server is running on port: 3030 
15.1.2023, 20:12:04 - INFO - Server is running on port: 3030 
15.1.2023, 20:12:07 - INFO - Req was made 
15.1.2023, 20:12:07 - ERROR - Failed to add review | ReferenceError: loggedinUser is not defined 
15.1.2023, 20:12:44 - INFO - Server is running on port: 3030 
15.1.2023, 20:12:47 - INFO - Server is running on port: 3030 
15.1.2023, 20:12:47 - INFO - Server is running on port: 3030 
15.1.2023, 20:12:53 - INFO - Server is running on port: 3030 
15.1.2023, 20:13:08 - INFO - Server is running on port: 3030 
15.1.2023, 20:13:16 - INFO - Req was made 
15.1.2023, 20:13:16 - ERROR - Failed to add review | ReferenceError: loggedinUser is not defined 
15.1.2023, 20:14:30 - INFO - Server is running on port: 3030 
15.1.2023, 20:14:55 - INFO - Server is running on port: 3030 
15.1.2023, 20:15:27 - INFO - Server is running on port: 3030 
15.1.2023, 20:15:47 - INFO - Server is running on port: 3030 
15.1.2023, 20:15:48 - INFO - Server is running on port: 3030 
15.1.2023, 20:15:52 - INFO - Req was made 
15.1.2023, 20:16:02 - INFO - Req was made 
15.1.2023, 20:16:24 - ERROR - cannot remove review 63c442e2efaa840d943eb833 | ReferenceError: asyncLocalStorage is not defined 
15.1.2023, 20:16:24 - ERROR - Failed to delete review | ReferenceError: asyncLocalStorage is not defined 
15.1.2023, 20:17:16 - INFO - Req was made 
15.1.2023, 20:17:35 - INFO - Req was made 
15.1.2023, 20:17:39 - INFO - Req was made 
15.1.2023, 20:17:45 - INFO - Req was made 
15.1.2023, 20:17:58 - INFO - Req was made 
15.1.2023, 20:18:24 - INFO - Req was made 
15.1.2023, 20:21:10 - INFO - Req was made 
15.1.2023, 20:21:52 - INFO - Server is running on port: 3030 
15.1.2023, 20:22:06 - INFO - Server is running on port: 3030 
15.1.2023, 20:22:12 - INFO - Req was made 
15.1.2023, 20:22:27 - INFO - Req was made 
15.1.2023, 20:46:00 - INFO - Req was made 
15.1.2023, 20:47:10 - INFO - Req was made 
15.1.2023, 20:47:43 - INFO - Req was made 
15.1.2023, 20:47:58 - INFO - Req was made 
15.1.2023, 20:49:57 - INFO - Server is running on port: 3030 
15.1.2023, 20:49:57 - INFO - Server is running on port: 3030 
15.1.2023, 20:50:07 - INFO - Req was made 
15.1.2023, 20:51:26 - INFO - Server is running on port: 3030 
15.1.2023, 20:51:37 - INFO - Server is running on port: 3030 
15.1.2023, 20:51:47 - INFO - Server is running on port: 3030 
15.1.2023, 20:51:48 - INFO - Server is running on port: 3030 
15.1.2023, 20:52:02 - INFO - Req was made 
15.1.2023, 20:52:47 - INFO - Server is running on port: 3030 
15.1.2023, 20:52:48 - INFO - Server is running on port: 3030 
15.1.2023, 20:52:54 - INFO - Req was made 
15.1.2023, 20:52:54 - ERROR - Failed to add review | ReferenceError: logger is not defined 
15.1.2023, 20:53:32 - INFO - Server is running on port: 3030 
15.1.2023, 20:53:37 - INFO - Req was made 
15.1.2023, 20:53:37 - ERROR - Failed to add review | ReferenceError: logger is not defined 
15.1.2023, 20:55:49 - INFO - Server is running on port: 3030 
15.1.2023, 20:56:11 - INFO - Server is running on port: 3030 
15.1.2023, 20:56:11 - INFO - Server is running on port: 3030 
15.1.2023, 20:56:16 - INFO - Req was made 
15.1.2023, 20:56:16 - ERROR - Failed to add review | ReferenceError: logger is not defined 
15.1.2023, 20:56:34 - INFO - Req was made 
15.1.2023, 20:56:37 - INFO - Req was made 
15.1.2023, 20:56:37 - ERROR - Failed to add review | ReferenceError: logger is not defined 
15.1.2023, 20:56:51 - INFO - Req was made 
15.1.2023, 20:57:14 - INFO - Req was made 
15.1.2023, 20:57:30 - INFO - Server is running on port: 3030 
15.1.2023, 20:57:32 - INFO - Req was made 
15.1.2023, 20:57:33 - ERROR - Failed to add review | ReferenceError: logger is not defined 
15.1.2023, 20:58:26 - INFO - Req was made 
15.1.2023, 20:58:29 - INFO - Req was made 
15.1.2023, 20:58:35 - INFO - Req was made 
15.1.2023, 20:58:35 - ERROR - Failed to add review | ReferenceError: logger is not defined 
15.1.2023, 20:59:11 - INFO - Server is running on port: 3030 
15.1.2023, 20:59:14 - INFO - Req was made 
15.1.2023, 20:59:14 - ERROR - Failed to add review | ReferenceError: logger is not defined 
15.1.2023, 20:59:58 - INFO - Server is running on port: 3030 
15.1.2023, 21:00:00 - INFO - Server is running on port: 3030 
15.1.2023, 21:00:02 - INFO - Req was made 
15.1.2023, 21:00:03 - ERROR - Failed to add review | ReferenceError: logger is not defined 
15.1.2023, 21:00:39 - INFO - Server is running on port: 3030 
15.1.2023, 21:00:48 - INFO - Server is running on port: 3030 
15.1.2023, 21:00:59 - INFO - Server is running on port: 3030 
15.1.2023, 21:01:03 - INFO - Req was made 
15.1.2023, 21:01:32 - INFO - Server is running on port: 3030 
15.1.2023, 21:01:34 - INFO - Server is running on port: 3030 
15.1.2023, 21:01:44 - INFO - Server is running on port: 3030 
15.1.2023, 21:01:51 - INFO - Req was made 
15.1.2023, 21:02:54 - INFO - Server is running on port: 3030 
15.1.2023, 21:02:54 - INFO - Server is running on port: 3030 
15.1.2023, 21:02:56 - INFO - Server is running on port: 3030 
15.1.2023, 21:03:05 - INFO - Server is running on port: 3030 
15.1.2023, 21:03:17 - INFO - Server is running on port: 3030 
15.1.2023, 21:03:52 - INFO - Server is running on port: 3030 
15.1.2023, 21:03:53 - INFO - Server is running on port: 3030 
15.1.2023, 21:09:37 - INFO - Req was made 
15.1.2023, 21:12:03 - INFO - Server is running on port: 3030 
15.1.2023, 21:12:09 - INFO - Server is running on port: 3030 
15.1.2023, 21:12:09 - INFO - Server is running on port: 3030 
15.1.2023, 21:13:43 - INFO - Server is running on port: 3030 
15.1.2023, 21:14:03 - INFO - Server is running on port: 3030 
15.1.2023, 21:14:12 - INFO - Req was made 
15.1.2023, 21:14:53 - INFO - Server is running on port: 3030 
15.1.2023, 21:14:57 - INFO - Server is running on port: 3030 
15.1.2023, 21:14:59 - INFO - Server is running on port: 3030 
15.1.2023, 21:15:21 - INFO - Req was made 
15.1.2023, 21:15:36 - INFO - Server is running on port: 3030 
15.1.2023, 21:15:40 - INFO - Req was made 
15.1.2023, 21:16:15 - INFO - Server is running on port: 3030 
15.1.2023, 21:16:20 - INFO - Server is running on port: 3030 
15.1.2023, 21:16:25 - INFO - Req was made 
15.1.2023, 21:17:22 - INFO - Server is running on port: 3030 
15.1.2023, 21:24:39 - INFO - Req was made 
15.1.2023, 21:27:29 - INFO - Req was made 
15.1.2023, 21:27:36 - INFO - Req was made 
15.1.2023, 21:27:42 - INFO - Req was made 
15.1.2023, 21:29:13 - INFO - Req was made 
15.1.2023, 21:29:18 - INFO - Req was made 
15.1.2023, 21:29:56 - INFO - Req was made 
15.1.2023, 21:32:39 - INFO - Req was made 
15.1.2023, 21:32:45 - INFO - Req was made 
15.1.2023, 21:32:55 - INFO - Req was made 
15.1.2023, 21:41:26 - INFO - Req was made 
15.1.2023, 21:41:39 - INFO - Req was made 
15.1.2023, 21:41:53 - INFO - Req was made 
15.1.2023, 21:43:05 - INFO - Req was made 
15.1.2023, 21:43:38 - INFO - Server is running on port: 3030 
15.1.2023, 21:43:43 - INFO - Req was made 
15.1.2023, 21:44:02 - INFO - Server is running on port: 3030 
15.1.2023, 21:47:37 - INFO - Server is running on port: 3030 
15.1.2023, 21:47:40 - INFO - Server is running on port: 3030 
15.1.2023, 21:47:47 - INFO - Req was made 
15.1.2023, 21:47:47 - ERROR - Failed to add review | ReferenceError: logger is not defined 
15.1.2023, 21:48:11 - INFO - Server is running on port: 3030 
15.1.2023, 21:48:14 - INFO - Req was made 
15.1.2023, 21:48:14 - ERROR - Failed to add review | ReferenceError: logger is not defined 
15.1.2023, 21:48:28 - INFO - Server is running on port: 3030 
15.1.2023, 21:48:30 - INFO - Server is running on port: 3030 
15.1.2023, 21:48:42 - INFO - Server is running on port: 3030 
15.1.2023, 21:48:51 - INFO - Server is running on port: 3030 
15.1.2023, 21:49:21 - INFO - Server is running on port: 3030 
15.1.2023, 21:50:02 - INFO - Server is running on port: 3030 
15.1.2023, 21:50:16 - INFO - Server is running on port: 3030 
15.1.2023, 21:50:20 - INFO - Server is running on port: 3030 
15.1.2023, 21:50:28 - INFO - Req was made 
15.1.2023, 21:51:34 - INFO - Server is running on port: 3030 
15.1.2023, 21:51:40 - INFO - Req was made 
15.1.2023, 21:54:27 - INFO - Server is running on port: 3030 
15.1.2023, 21:54:38 - INFO - Server is running on port: 3030 
15.1.2023, 21:54:40 - INFO - Server is running on port: 3030 
15.1.2023, 21:54:48 - INFO - Req was made 
15.1.2023, 21:54:48 - ERROR - cannot find reviews | TypeError: Cannot read properties of undefined (reading '_id') 
15.1.2023, 21:54:48 - ERROR - Cannot get reviews | TypeError: Cannot read properties of undefined (reading '_id') 
15.1.2023, 21:55:37 - INFO - Server is running on port: 3030 
15.1.2023, 21:55:38 - INFO - Server is running on port: 3030 
15.1.2023, 21:55:41 - INFO - Server is running on port: 3030 
15.1.2023, 21:55:51 - INFO - Req was made 
15.1.2023, 21:56:11 - INFO - Server is running on port: 3030 
15.1.2023, 21:56:12 - INFO - Server is running on port: 3030 
15.1.2023, 21:56:15 - INFO - Req was made 
15.1.2023, 21:56:15 - ERROR - cannot find reviews | TypeError: Cannot read properties of undefined (reading '_id') 
15.1.2023, 21:56:15 - ERROR - Cannot get reviews | TypeError: Cannot read properties of undefined (reading '_id') 
15.1.2023, 21:56:59 - INFO - Server is running on port: 3030 
15.1.2023, 21:57:02 - INFO - Req was made 
15.1.2023, 21:57:02 - ERROR - Cannot get reviews | TypeError: Cannot read properties of undefined (reading '_id') 
15.1.2023, 21:57:02 - ERROR - cannot find reviews | TypeError: Cannot read properties of undefined (reading '_id') 
15.1.2023, 21:57:14 - INFO - Server is running on port: 3030 
15.1.2023, 22:00:35 - INFO - Server is running on port: 3030 
15.1.2023, 22:00:41 - INFO - Req was made 
15.1.2023, 22:00:41 - ERROR - cannot find reviews | TypeError: Cannot read properties of undefined (reading '_id') 
15.1.2023, 22:00:41 - ERROR - Cannot get reviews | TypeError: Cannot read properties of undefined (reading '_id') 
15.1.2023, 22:00:51 - INFO - Server is running on port: 3030 
15.1.2023, 22:00:53 - INFO - Server is running on port: 3030 
15.1.2023, 22:02:01 - INFO - Server is running on port: 3030 
15.1.2023, 22:02:13 - INFO - Req was made 
15.1.2023, 22:02:13 - ERROR - cannot find reviews | TypeError: Cannot read properties of undefined (reading '_id') 
15.1.2023, 22:02:13 - ERROR - Cannot get reviews | TypeError: Cannot read properties of undefined (reading '_id') 
15.1.2023, 22:04:51 - INFO - Server is running on port: 3030 
15.1.2023, 22:04:57 - INFO - Req was made 
15.1.2023, 22:05:40 - INFO - Server is running on port: 3030 
15.1.2023, 22:05:45 - INFO - Req was made 
15.1.2023, 22:09:14 - INFO - Server is running on port: 3030 
15.1.2023, 22:09:28 - INFO - Req was made 
15.1.2023, 22:09:39 - INFO - Server is running on port: 3030 
15.1.2023, 22:12:10 - INFO - Server is running on port: 3030 
15.1.2023, 22:12:16 - INFO - Req was made 
15.1.2023, 22:12:16 - ERROR - cannot find reviews | TypeError: Cannot read properties of undefined (reading '_id') 
15.1.2023, 22:12:16 - ERROR - Cannot get reviews | TypeError: Cannot read properties of undefined (reading '_id') 
15.1.2023, 22:17:11 - INFO - Server is running on port: 3030 
15.1.2023, 22:17:32 - INFO - Req was made 
15.1.2023, 22:20:03 - INFO - Req was made 
15.1.2023, 22:20:51 - INFO - Server is running on port: 3030 
15.1.2023, 22:21:03 - INFO - Server is running on port: 3030 
15.1.2023, 22:21:34 - INFO - Server is running on port: 3030 
15.1.2023, 22:21:36 - INFO - Server is running on port: 3030 
15.1.2023, 22:21:39 - INFO - Server is running on port: 3030 
15.1.2023, 22:21:49 - INFO - Req was made 
15.1.2023, 22:21:59 - INFO - Req was made 
15.1.2023, 22:22:30 - INFO - Server is running on port: 3030 
15.1.2023, 22:22:57 - INFO - Req was made 
15.1.2023, 22:23:02 - INFO - Req was made 
15.1.2023, 22:23:10 - INFO - Req was made 
15.1.2023, 22:23:10 - ERROR - Cannot get reviews | TypeError: Cannot read properties of undefined (reading '_id') 
15.1.2023, 22:23:10 - ERROR - cannot find reviews | TypeError: Cannot read properties of undefined (reading '_id') 
15.1.2023, 22:25:10 - INFO - Server is running on port: 3030 
15.1.2023, 22:25:11 - INFO - Server is running on port: 3030 
15.1.2023, 22:25:18 - INFO - Req was made 
15.1.2023, 22:25:48 - INFO - Server is running on port: 3030 
15.1.2023, 22:25:55 - INFO - Req was made 
15.1.2023, 22:26:25 - INFO - Server is running on port: 3030 
15.1.2023, 22:26:25 - INFO - Server is running on port: 3030 
15.1.2023, 22:26:49 - INFO - Req was made 
15.1.2023, 22:27:23 - INFO - Req was made 
15.1.2023, 22:27:28 - INFO - Req was made 
15.1.2023, 22:27:33 - INFO - Req was made 
15.1.2023, 22:27:36 - INFO - Req was made 
15.1.2023, 22:28:47 - INFO - Server is running on port: 3030 
15.1.2023, 22:28:50 - INFO - Req was made 
15.1.2023, 22:29:03 - INFO - Server is running on port: 3030 
15.1.2023, 22:29:05 - INFO - Req was made 
15.1.2023, 22:31:07 - INFO - Server is running on port: 3030 
15.1.2023, 22:31:10 - INFO - Req was made 
15.1.2023, 22:31:23 - INFO - Server is running on port: 3030 
15.1.2023, 22:32:03 - INFO - Server is running on port: 3030 
15.1.2023, 22:32:24 - INFO - Server is running on port: 3030 
15.1.2023, 22:32:25 - INFO - Server is running on port: 3030 
15.1.2023, 22:32:27 - INFO - Req was made 
15.1.2023, 22:32:57 - INFO - Server is running on port: 3030 
15.1.2023, 22:33:53 - INFO - Req was made 
15.1.2023, 22:35:50 - INFO - Req was made 
15.1.2023, 22:36:30 - INFO - Server is running on port: 3030 
15.1.2023, 22:36:44 - INFO - Req was made 
15.1.2023, 22:38:32 - INFO - Server is running on port: 3030 
15.1.2023, 22:38:35 - INFO - Req was made 
15.1.2023, 22:39:31 - INFO - Server is running on port: 3030 
15.1.2023, 22:39:38 - INFO - Server is running on port: 3030 
15.1.2023, 22:46:04 - INFO - Server is running on port: 3030 
15.1.2023, 22:49:55 - INFO - Server is running on port: 3030 
15.1.2023, 22:49:57 - INFO - Req was made 
15.1.2023, 22:50:08 - INFO - Server is running on port: 3030 
15.1.2023, 22:50:09 - INFO - Server is running on port: 3030 
16.1.2023, 8:12:48 - INFO - Server is running on port: 3030 
16.1.2023, 8:16:39 - INFO - Req was made 
16.1.2023, 8:16:56 - INFO - Req was made 
16.1.2023, 8:17:29 - INFO - Req was made 
16.1.2023, 8:18:43 - INFO - Req was made 
16.1.2023, 8:18:46 - INFO - Req was made 
16.1.2023, 8:19:18 - INFO - Req was made 
16.1.2023, 8:19:52 - INFO - Req was made 
16.1.2023, 8:19:52 - INFO - Req was made 
16.1.2023, 8:19:56 - INFO - Req was made 
16.1.2023, 8:20:50 - INFO - Req was made 
16.1.2023, 8:20:51 - INFO - Req was made 
16.1.2023, 8:25:09 - INFO - Req was made 
16.1.2023, 8:26:26 - INFO - Req was made 
16.1.2023, 8:28:31 - INFO - Req was made 
16.1.2023, 8:29:26 - INFO - Req was made 
16.1.2023, 8:32:27 - INFO - Req was made 
16.1.2023, 8:32:28 - INFO - Req was made 
16.1.2023, 8:33:18 - INFO - Req was made 
16.1.2023, 8:33:21 - INFO - Req was made 
16.1.2023, 8:33:21 - INFO - Req was made 
16.1.2023, 8:36:59 - INFO - Req was made 
16.1.2023, 8:37:42 - INFO - Req was made 
16.1.2023, 8:38:14 - INFO - Req was made 
16.1.2023, 8:38:15 - INFO - Req was made 
16.1.2023, 8:50:30 - INFO - Req was made 
16.1.2023, 8:50:41 - INFO - Server is running on port: 3030 
16.1.2023, 8:50:42 - INFO - Server is running on port: 3030 
16.1.2023, 8:50:46 - INFO - Req was made 
16.1.2023, 8:51:22 - INFO - Server is running on port: 3030 
16.1.2023, 8:51:25 - INFO - Req was made 
16.1.2023, 8:51:50 - INFO - Server is running on port: 3030 
16.1.2023, 8:51:53 - INFO - Req was made 
16.1.2023, 8:52:10 - INFO - Server is running on port: 3030 
16.1.2023, 8:52:29 - INFO - Server is running on port: 3030 
16.1.2023, 8:53:14 - INFO - Server is running on port: 3030 
16.1.2023, 8:53:46 - INFO - Server is running on port: 3030 
16.1.2023, 8:59:30 - INFO - Req was made 
16.1.2023, 8:59:30 - INFO - Req was made 
16.1.2023, 9:00:18 - INFO - Req was made 
16.1.2023, 9:00:19 - INFO - Req was made 
16.1.2023, 9:00:31 - INFO - Req was made 
16.1.2023, 9:00:32 - INFO - Req was made 
16.1.2023, 9:00:34 - INFO - Req was made 
16.1.2023, 9:01:13 - INFO - Req was made 
16.1.2023, 9:12:54 - INFO - Server is running on port: 3030 
16.1.2023, 9:12:58 - INFO - Req was made 
16.1.2023, 9:14:38 - INFO - Server is running on port: 3030 
16.1.2023, 9:14:47 - INFO - Server is running on port: 3030 
16.1.2023, 9:14:52 - INFO - Req was made 
16.1.2023, 9:15:35 - INFO - Req was made 
16.1.2023, 9:15:42 - INFO - Req was made 
16.1.2023, 9:16:34 - INFO - Req was made 
16.1.2023, 9:16:37 - INFO - Req was made 
16.1.2023, 9:17:14 - INFO - Req was made 
16.1.2023, 9:17:19 - INFO - Req was made 
16.1.2023, 9:17:26 - INFO - Req was made 
16.1.2023, 9:17:30 - INFO - Req was made 
16.1.2023, 9:17:33 - INFO - Req was made 
16.1.2023, 9:18:00 - INFO - Req was made 
16.1.2023, 9:18:02 - INFO - Req was made 
16.1.2023, 9:23:05 - INFO - Req was made 
16.1.2023, 9:23:18 - INFO - Req was made 
16.1.2023, 9:24:18 - INFO - Req was made 
16.1.2023, 9:24:30 - INFO - Req was made 
16.1.2023, 9:24:32 - INFO - Req was made 
16.1.2023, 9:24:42 - INFO - Req was made 
16.1.2023, 9:24:43 - INFO - Req was made 
16.1.2023, 9:24:44 - INFO - Req was made 
16.1.2023, 9:27:06 - INFO - Req was made 
16.1.2023, 9:27:10 - INFO - Req was made 
16.1.2023, 9:27:24 - DEBUG - auth.service - login with username: muki 
16.1.2023, 9:27:25 - INFO - User login:  | {"_id":"63c41336d41da1d592b71ee9","username":"muki","fullname":"muki po","isAdmin":false} 
16.1.2023, 9:27:32 - INFO - Req was made 
16.1.2023, 9:27:33 - INFO - Req was made 
16.1.2023, 9:27:37 - INFO - Req was made 
16.1.2023, 9:28:35 - INFO - Req was made 
16.1.2023, 9:28:39 - INFO - Req was made 
16.1.2023, 9:28:40 - INFO - Req was made 
16.1.2023, 9:28:42 - INFO - Req was made 
16.1.2023, 9:30:55 - INFO - Server is running on port: 3030 
16.1.2023, 9:30:59 - INFO - Req was made 
16.1.2023, 9:31:07 - INFO - Req was made 
16.1.2023, 9:31:07 - INFO - Req was made 
16.1.2023, 9:31:09 - INFO - Req was made 
16.1.2023, 9:32:48 - INFO - Req was made 
16.1.2023, 9:33:26 - INFO - Req was made 
16.1.2023, 9:34:37 - INFO - Req was made 
16.1.2023, 9:36:44 - INFO - Req was made 
